C:\USERS\FILIP\DOCUMENTS\VISUAL STUDIO 2012\PROJECTS\POGODA\POGODA\RELEASE\QRC_POGODA.OBJ
C:\USERS\FILIP\DOCUMENTS\VISUAL STUDIO 2012\PROJECTS\POGODA\POGODA\RELEASE\POGODA.OBJ
C:\USERS\FILIP\DOCUMENTS\VISUAL STUDIO 2012\PROJECTS\POGODA\POGODA\RELEASE\MAIN.OBJ
C:\USERS\FILIP\DOCUMENTS\VISUAL STUDIO 2012\PROJECTS\POGODA\POGODA\RELEASE\MOC_POGODA.OBJ
C:\USERS\FILIP\DOCUMENTS\VISUAL STUDIO 2012\PROJECTS\POGODA\POGODA\GENERATEDFILES\RELEASE\MOC_POGODA.CPP
C:\USERS\FILIP\DOCUMENTS\VISUAL STUDIO 2012\PROJECTS\POGODA\POGODA\GENERATEDFILES\UI_POGODA.H
C:\USERS\FILIP\DOCUMENTS\VISUAL STUDIO 2012\PROJECTS\POGODA\POGODA\GENERATEDFILES\QRC_POGODA.CPP
C:\USERS\FILIP\DOCUMENTS\VISUAL STUDIO 2012\PROJECTS\POGODA\WIN32\RELEASE\POGODA.EXE
C:\USERS\FILIP\DOCUMENTS\VISUAL STUDIO 2012\PROJECTS\POGODA\POGODA\RELEASE\POGODA.RES
C:\Users\Filip\documents\visual studio 2012\Projects\Pogoda\Pogoda\Release\main.obj
C:\Users\Filip\documents\visual studio 2012\Projects\Pogoda\Pogoda\Release\moc_pogoda.obj
C:\Users\Filip\documents\visual studio 2012\Projects\Pogoda\Pogoda\Release\pogoda.obj
C:\Users\Filip\documents\visual studio 2012\Projects\Pogoda\Pogoda\Release\qrc_pogoda.obj
C:\Users\Filip\documents\visual studio 2012\Projects\Pogoda\Pogoda\Release\cl.command.1.tlog
C:\Users\Filip\documents\visual studio 2012\Projects\Pogoda\Pogoda\Release\CL.read.1.tlog
C:\Users\Filip\documents\visual studio 2012\Projects\Pogoda\Pogoda\Release\CL.write.1.tlog
C:\Users\Filip\documents\visual studio 2012\Projects\Pogoda\Pogoda\Release\custombuild.command.1.tlog
C:\Users\Filip\documents\visual studio 2012\Projects\Pogoda\Pogoda\Release\custombuild.read.1.tlog
C:\Users\Filip\documents\visual studio 2012\Projects\Pogoda\Pogoda\Release\custombuild.write.1.tlog
C:\Users\Filip\documents\visual studio 2012\Projects\Pogoda\Pogoda\Release\link-cvtres.read.1.tlog
C:\Users\Filip\documents\visual studio 2012\Projects\Pogoda\Pogoda\Release\link-cvtres.write.1.tlog
C:\Users\Filip\documents\visual studio 2012\Projects\Pogoda\Pogoda\Release\link-mt.read.1.tlog
C:\Users\Filip\documents\visual studio 2012\Projects\Pogoda\Pogoda\Release\link-mt.write.1.tlog
C:\Users\Filip\documents\visual studio 2012\Projects\Pogoda\Pogoda\Release\link-rc.read.1.tlog
C:\Users\Filip\documents\visual studio 2012\Projects\Pogoda\Pogoda\Release\link-rc.write.1.tlog
C:\Users\Filip\documents\visual studio 2012\Projects\Pogoda\Pogoda\Release\link.command.1.tlog
C:\Users\Filip\documents\visual studio 2012\Projects\Pogoda\Pogoda\Release\link.read.1.tlog
C:\Users\Filip\documents\visual studio 2012\Projects\Pogoda\Pogoda\Release\link.write.1.tlog
C:\Users\Filip\documents\visual studio 2012\Projects\Pogoda\Pogoda\Release\rc.command.1.tlog
C:\Users\Filip\documents\visual studio 2012\Projects\Pogoda\Pogoda\Release\rc.read.1.tlog
C:\Users\Filip\documents\visual studio 2012\Projects\Pogoda\Pogoda\Release\rc.write.1.tlog
C:\Users\Filip\documents\visual studio 2012\Projects\Pogoda\Pogoda\Release\Pogoda.res
C:\Users\Filip\documents\visual studio 2012\Projects\Pogoda\Win32\Release\Pogoda.exe
